<?xml version="1.0" encoding="UTF-8"?>
<!-- Generated by org.testng.reporters.JUnitReportReporter -->
<testsuite hostname="Varshu-Chops" failures="0" tests="1" name="Tests.CreateNewDesignSearchTest" time="7.196" errors="0" timestamp="2024-02-23T00:45:14 AEDT" skipped="0">
  <testcase classname="Tests.CreateNewDesignSearchTest" name="SearchTest" time="7.196"/>
</testsuite> <!-- Tests.CreateNewDesignSearchTest -->
