<?xml version="1.0" encoding="UTF-8"?>
<!-- Generated by org.testng.reporters.JUnitReportReporter -->
<testsuite hostname="Varshu-Chops" failures="0" tests="1" name="SmokeTest.CreatDesignSmokeTest" time="4.087" errors="0" timestamp="2024-02-23T00:41:18 AEDT" skipped="0">
  <testcase classname="SmokeTest.CreatDesignSmokeTest" name="SmokeTest" time="4.087"/>
</testsuite> <!-- SmokeTest.CreatDesignSmokeTest -->
